# JRE version: Java(TM) SE Runtime Environment (12.0.2+10) (build 12.0.2+10)
# Java VM: Java HotSpot(TM) 64-Bit Server VM (12.0.2+10, mixed mode, sharing, tiered, compressed oops, g1 gc, windows-amd64)
Heap:
 garbage-first heap   total 144384K, used 92052K [0x0000000081800000, 0x0000000100000000)
  region size 1024K, 48 young (49152K), 6 survivors (6144K)
 Metaspace       used 65065K, capacity 66808K, committed 67148K, reserved 1107968K
  class space    used 8806K, capacity 9456K, committed 9548K, reserved 1048576K
GC Heap History (10 events):
Event: 4.698 GC heap before
{Heap before GC invocations=17 (full 0):
 garbage-first heap   total 119808K, used 88641K [0x0000000081800000, 0x0000000100000000)
  region size 1024K, 56 young (57344K), 5 survivors (5120K)
 Metaspace       used 46600K, capacity 47883K, committed 48204K, reserved 1091584K
  class space    used 6374K, capacity 6854K, committed 6988K, reserved 1048576K
}
Event: 4.704 GC heap after
{Heap after GC invocations=18 (full 0):
 garbage-first heap   total 119808K, used 38366K [0x0000000081800000, 0x0000000100000000)
  region size 1024K, 6 young (6144K), 6 survivors (6144K)
 Metaspace       used 46600K, capacity 47883K, committed 48204K, reserved 1091584K
  class space    used 6374K, capacity 6854K, committed 6988K, reserved 1048576K
}
Event: 5.147 GC heap before
{Heap before GC invocations=18 (full 0):
 garbage-first heap   total 119808K, used 91614K [0x0000000081800000, 0x0000000100000000)
  region size 1024K, 58 young (59392K), 6 survivors (6144K)
 Metaspace       used 49986K, capacity 51465K, committed 51532K, reserved 1093632K
  class space    used 6858K, capacity 7433K, committed 7500K, reserved 1048576K
}
Event: 5.154 GC heap after
{Heap after GC invocations=19 (full 0):
 garbage-first heap   total 119808K, used 41203K [0x0000000081800000, 0x0000000100000000)
  region size 1024K, 6 young (6144K), 6 survivors (6144K)
 Metaspace       used 49986K, capacity 51465K, committed 51532K, reserved 1093632K
  class space    used 6858K, capacity 7433K, committed 7500K, reserved 1048576K
}
Event: 5.685 GC heap before
{Heap before GC invocations=19 (full 0):
 garbage-first heap   total 119808K, used 93427K [0x0000000081800000, 0x0000000100000000)
  region size 1024K, 57 young (58368K), 6 survivors (6144K)
 Metaspace       used 54903K, capacity 56467K, committed 56780K, reserved 1097728K
  class space    used 7429K, capacity 8005K, committed 8140K, reserved 1048576K
}
Event: 5.692 GC heap after
{Heap after GC invocations=20 (full 0):
 garbage-first heap   total 144384K, used 44181K [0x0000000081800000, 0x0000000100000000)
  region size 1024K, 6 young (6144K), 6 survivors (6144K)
 Metaspace       used 54903K, capacity 56467K, committed 56780K, reserved 1097728K
  class space    used 7429K, capacity 8005K, committed 8140K, reserved 1048576K
}
Event: 6.349 GC heap before
{Heap before GC invocations=20 (full 0):
 garbage-first heap   total 144384K, used 105621K [0x0000000081800000, 0x0000000100000000)
  region size 1024K, 66 young (67584K), 6 survivors (6144K)
 Metaspace       used 58963K, capacity 60570K, committed 60620K, reserved 1101824K
  class space    used 8040K, capacity 8641K, committed 8652K, reserved 1048576K
}
Event: 6.356 GC heap after
{Heap after GC invocations=21 (full 0):
 garbage-first heap   total 144384K, used 47075K [0x0000000081800000, 0x0000000100000000)
  region size 1024K, 6 young (6144K), 6 survivors (6144K)
 Metaspace       used 58963K, capacity 60570K, committed 60620K, reserved 1101824K
  class space    used 8040K, capacity 8641K, committed 8652K, reserved 1048576K
}
Event: 7.276 GC heap before
{Heap before GC invocations=21 (full 0):
 garbage-first heap   total 144384K, used 108515K [0x0000000081800000, 0x0000000100000000)
  region size 1024K, 66 young (67584K), 6 survivors (6144K)
 Metaspace       used 61616K, capacity 63366K, committed 63692K, reserved 1103872K
  class space    used 8392K, capacity 9059K, committed 9164K, reserved 1048576K
}
Event: 7.284 GC heap after
{Heap after GC invocations=22 (full 0):
 garbage-first heap   total 144384K, used 50068K [0x0000000081800000, 0x0000000100000000)
  region size 1024K, 6 young (6144K), 6 survivors (6144K)
 Metaspace       used 61616K, capacity 63366K, committed 63692K, reserved 1103872K
  class space    used 8392K, capacity 9059K, committed 9164K, reserved 1048576K
}

